{
    "meta": {
        "version": "7.2.5",
        "timestamp": "2024-06-22T13:35:06.918139",
        "branch_coverage": true,
        "show_contexts": false
    },
    "files": {
        "coverage/__init__.py": {
            "executed_lines": [
                4,
                17,
                19,
                24,
                28,
                29,
                30,
                37,
                42
            ],
            "summary": {
                "covered_lines": 9,
                "num_statements": 9,
                "percent_covered": 100.0,
                "percent_covered_display": "100.000",
                "missing_lines": 0,
                "excluded_lines": 0,
                "num_branches": 0,
                "num_partial_branches": 0,
                "covered_branches": 0,
                "missing_branches": 0
            },
            "missing_lines": [],
            "excluded_lines": [],
            "executed_branches": [],
            "missing_branches": []
        },
        "coverage/__main__.py": {
            "executed_lines": [
                4,
                6,
                7,
                8
            ],
            "summary": {
                "covered_lines": 4,
                "num_statements": 4,
                "percent_covered": 100.0,
                "percent_covered_display": "100.000",
                "missing_lines": 0,
                "excluded_lines": 0,
                "num_branches": 0,
                "num_partial_branches": 0,
                "covered_branches": 0,
                "missing_branches": 0
            },
            "missing_lines": [],
            "excluded_lines": [],
            "executed_branches": [],
            "missing_branches": []
        },
        "coverage/annotate.py": {
            "executed_lines": [
                4,
                6,
                8,
                9,
                11,
                13,
                14,
                15,
                16,
                17,
                18,
                20,
                23,
                26,
                27,
                48,
                49,
                50,
                51,
                53,
                54,
                56,
                62,
                63,
                64,
                65,
                67,
                73,
                74,
                75,
                77,
                78,
                79,
                80,
                81,
                82,
                84,
                86,
                87,
                88,
                89,
                90,
                91,
                92,
                93,
                94,
                95,
                96,
                97,
                98,
                99,
                101,
                102,
                103,
                104,
                106,
                107,
                108,
                109,
                110,
                112,
                114
            ],
            "summary": {
                "covered_lines": 60,
                "num_statements": 60,
                "percent_covered": 98.86363636363636,
                "percent_covered_display": "98.864",
                "missing_lines": 0,
                "excluded_lines": 2,
                "num_branches": 28,
                "num_partial_branches": 1,
                "covered_branches": 27,
                "missing_branches": 1
            },
            "missing_lines": [],
            "excluded_lines": [
                20,
                21
            ],
            "executed_branches": [
                [
                    64,
                    -56
                ],
                [
                    64,
                    65
                ],
                [
                    77,
                    78
                ],
                [
                    77,
                    84
                ],
                [
                    80,
                    81
                ],
                [
                    86,
                    -67
                ],
                [
                    86,
                    87
                ],
                [
                    90,
                    86
                ],
                [
                    90,
                    91
                ],
                [
                    91,
                    92
                ],
                [
                    91,
                    93
                ],
                [
                    93,
                    94
                ],
                [
                    93,
                    95
                ],
                [
                    95,
                    96
                ],
                [
                    95,
                    97
                ],
                [
                    97,
                    98
                ],
                [
                    97,
                    99
                ],
                [
                    99,
                    101
                ],
                [
                    99,
                    107
                ],
                [
                    101,
                    102
                ],
                [
                    101,
                    103
                ],
                [
                    103,
                    104
                ],
                [
                    103,
                    106
                ],
                [
                    107,
                    108
                ],
                [
                    107,
                    109
                ],
                [
                    109,
                    110
                ],
                [
                    109,
                    112
                ]
            ],
            "missing_branches": [
                [
                    80,
                    82
                ]
            ]
        },
        "coverage/bytecode.py": {
            "executed_lines": [
                4,
                6,
                8,
                9,
                12,
                14,
                15,
                18,
                19,
                20,
                21,
                22
            ],
            "summary": {
                "covered_lines": 12,
                "num_statements": 12,
                "percent_covered": 100.0,
                "percent_covered_display": "100.000",
                "missing_lines": 0,
                "excluded_lines": 0,
                "num_branches": 6,
                "num_partial_branches": 0,
                "covered_branches": 6,
                "missing_branches": 0
            },
            "missing_lines": [],
            "excluded_lines": [],
            "executed_branches": [
                [
                    15,
                    -12
                ],
                [
                    15,
                    18
                ],
                [
                    19,
                    20
                ],
                [
                    19,
                    22
                ],
                [
                    20,
                    19
                ],
                [
                    20,
                    21
                ]
            ],
            "missing_branches": []
        },
        "coverage/cmdline.py": {
            "executed_lines": [
                4,
                6,
                8,
                9,
                10,
                11,
                12,
                13,
                14,
                15,
                17,
                19,
                20,
                21,
                22,
                23,
                24,
                25,
                26,
                27,
                28,
                29,
                30,
                35,
                36,
                41,
                45,
                49,
                53,
                60,
                64,
                71,
                78,
                85,
                92,
                96,
                100,
                104,
                108,
                112,
                116,
                123,
                130,
                134,
                141,
                148,
                152,
                156,
                160,
                164,
                172,
                179,
                183,
                191,
                195,
                199,
                203,
                207,
                214,
                218,
                225,
                229,
                235,
                236,
                243,
                244,
                245,
                246,
                281,
                283,
                284,
                285,
                287,
                293,
                294,
                295,
                296,
                297,
                299,
                301,
                302,
                305,
                306,
                308,
                309,
                311,
                317,
                318,
                320,
                335,
                336,
                337,
                341,
                342,
                343,
                345,
                348,
                350,
                352,
                354,
                357,
                365,
                371,
                554,
                560,
                562,
                563,
                565,
                566,
                567,
                577,
                578,
                579,
                580,
                581,
                583,
                585,
                586,
                587,
                588,
                589,
                590,
                592,
                593,
                594,
                595,
                597,
                598,
                601,
                604,
                605,
                607,
                608,
                609,
                611,
                620,
                621,
                622,
                627,
                628,
                629,
                631,
                632,
                633,
                634,
                635,
                637,
                638,
                639,
                640,
                643,
                644,
                647,
                648,
                649,
                650,
                651,
                653,
                654,
                656,
                659,
                676,
                677,
                679,
                680,
                681,
                683,
                684,
                686,
                687,
                688,
                689,
                690,
                691,
                692,
                695,
                705,
                707,
                709,
                710,
                711,
                720,
                721,
                722,
                723,
                732,
                733,
                738,
                739,
                745,
                746,
                754,
                757,
                758,
                759,
                760,
                762,
                763,
                764,
                765,
                770,
                771,
                773,
                775,
                787,
                788,
                789,
                791,
                792,
                794,
                795,
                796,
                797,
                798,
                799,
                801,
                803,
                804,
                807,
                808,
                809,
                811,
                813,
                816,
                817,
                819,
                820,
                821,
                822,
                823,
                824,
                825,
                826,
                827,
                828,
                829,
                831,
                832,
                833,
                835,
                838,
                841,
                842,
                847,
                849,
                851,
                852,
                854,
                855,
                858,
                859,
                860,
                861,
                862,
                863,
                864,
                866,
                867,
                868,
                870,
                872,
                875,
                876,
                877,
                878,
                879,
                880,
                882,
                883,
                884,
                885,
                886,
                887,
                888,
                889,
                890,
                891,
                892,
                893,
                894,
                895,
                896,
                897,
                899,
                900,
                902,
                905,
                907,
                908,
                909,
                916,
                919,
                921,
                929,
                932,
                965,
                971,
                972,
                973,
                974,
                975,
                979,
                980,
                981,
                983,
                984,
                985,
                986,
                988,
                989,
                991,
                992,
                998,
                999
            ],
            "summary": {
                "covered_lines": 307,
                "num_statements": 317,
                "percent_covered": 95.51569506726457,
                "percent_covered_display": "95.516",
                "missing_lines": 10,
                "excluded_lines": 13,
                "num_branches": 129,
                "num_partial_branches": 4,
                "covered_branches": 119,
                "missing_branches": 10
            },
            "missing_lines": [
                573,
                574,
                575,
                915,
                922,
                923,
                924,
                925,
                927,
                928
            ],
            "excluded_lines": [
                752,
                999,
                1000,
                1001,
                1003,
                1006,
                1007,
                1008,
                1009,
                1010,
                1011,
                1012,
                1013
            ],
            "executed_branches": [
                [
                    335,
                    336
                ],
                [
                    335,
                    337
                ],
                [
                    563,
                    565
                ],
                [
                    563,
                    566
                ],
                [
                    567,
                    577
                ],
                [
                    580,
                    581
                ],
                [
                    580,
                    583
                ],
                [
                    585,
                    586
                ],
                [
                    585,
                    588
                ],
                [
                    588,
                    589
                ],
                [
                    588,
                    592
                ],
                [
                    594,
                    595
                ],
                [
                    594,
                    597
                ],
                [
                    620,
                    621
                ],
                [
                    620,
                    627
                ],
                [
                    628,
                    629
                ],
                [
                    628,
                    631
                ],
                [
                    632,
                    633
                ],
                [
                    632,
                    635
                ],
                [
                    638,
                    639
                ],
                [
                    638,
                    640
                ],
                [
                    643,
                    644
                ],
                [
                    643,
                    647
                ],
                [
                    653,
                    654
                ],
                [
                    653,
                    656
                ],
                [
                    676,
                    677
                ],
                [
                    676,
                    679
                ],
                [
                    679,
                    680
                ],
                [
                    679,
                    683
                ],
                [
                    683,
                    684
                ],
                [
                    683,
                    686
                ],
                [
                    686,
                    687
                ],
                [
                    686,
                    695
                ],
                [
                    687,
                    688
                ],
                [
                    687,
                    689
                ],
                [
                    710,
                    711
                ],
                [
                    710,
                    720
                ],
                [
                    720,
                    721
                ],
                [
                    720,
                    722
                ],
                [
                    722,
                    723
                ],
                [
                    722,
                    732
                ],
                [
                    732,
                    733
                ],
                [
                    732,
                    738
                ],
                [
                    738,
                    739
                ],
                [
                    738,
                    745
                ],
                [
                    754,
                    757
                ],
                [
                    754,
                    773
                ],
                [
                    757,
                    758
                ],
                [
                    757,
                    759
                ],
                [
                    759,
                    760
                ],
                [
                    759,
                    762
                ],
                [
                    764,
                    765
                ],
                [
                    764,
                    773
                ],
                [
                    787,
                    788
                ],
                [
                    787,
                    794
                ],
                [
                    788,
                    789
                ],
                [
                    788,
                    791
                ],
                [
                    794,
                    795
                ],
                [
                    794,
                    807
                ],
                [
                    795,
                    796
                ],
                [
                    795,
                    803
                ],
                [
                    796,
                    797
                ],
                [
                    796,
                    804
                ],
                [
                    798,
                    799
                ],
                [
                    798,
                    801
                ],
                [
                    807,
                    808
                ],
                [
                    807,
                    811
                ],
                [
                    816,
                    817
                ],
                [
                    816,
                    827
                ],
                [
                    817,
                    819
                ],
                [
                    817,
                    821
                ],
                [
                    822,
                    823
                ],
                [
                    822,
                    827
                ],
                [
                    824,
                    825
                ],
                [
                    824,
                    827
                ],
                [
                    827,
                    828
                ],
                [
                    827,
                    831
                ],
                [
                    831,
                    832
                ],
                [
                    831,
                    835
                ],
                [
                    835,
                    838
                ],
                [
                    835,
                    849
                ],
                [
                    838,
                    841
                ],
                [
                    838,
                    849
                ],
                [
                    841,
                    838
                ],
                [
                    841,
                    842
                ],
                [
                    854,
                    855
                ],
                [
                    854,
                    858
                ],
                [
                    867,
                    -813
                ],
                [
                    867,
                    868
                ],
                [
                    868,
                    -813
                ],
                [
                    868,
                    870
                ],
                [
                    875,
                    876
                ],
                [
                    875,
                    878
                ],
                [
                    878,
                    879
                ],
                [
                    878,
                    882
                ],
                [
                    882,
                    883
                ],
                [
                    882,
                    884
                ],
                [
                    884,
                    885
                ],
                [
                    884,
                    891
                ],
                [
                    888,
                    889
                ],
                [
                    888,
                    902
                ],
                [
                    891,
                    892
                ],
                [
                    891,
                    893
                ],
                [
                    893,
                    894
                ],
                [
                    893,
                    896
                ],
                [
                    896,
                    897
                ],
                [
                    896,
                    899
                ],
                [
                    907,
                    908
                ],
                [
                    907,
                    909
                ],
                [
                    909,
                    916
                ],
                [
                    921,
                    929
                ],
                [
                    971,
                    972
                ],
                [
                    971,
                    973
                ],
                [
                    975,
                    979
                ],
                [
                    975,
                    981
                ],
                [
                    981,
                    983
                ],
                [
                    981,
                    986
                ],
                [
                    988,
                    989
                ],
                [
                    988,
                    991
                ]
            ],
            "missing_branches": [
                [
                    567,
                    573
                ],
                [
                    574,
                    575
                ],
                [
                    574,
                    577
                ],
                [
                    867,
                    870
                ],
                [
                    909,
                    915
                ],
                [
                    921,
                    922
                ],
                [
                    923,
                    924
                ],
                [
                    923,
                    928
                ],
                [
                    924,
                    925
                ],
                [
                    924,
                    927
                ]
            ]
        },
        "coverage/collector.py": {
            "executed_lines": [
                4,
                6,
                8,
                9,
                10,
                12,
                13,
                17,
                18,
                19,
                20,
                21,
                22,
                23,
                24,
                25,
                26,
                30,
                33,
                35,
                36,
                37,
                39,
                48,
                50,
                52,
                53,
                71,
                74,
                76,
                123,
                124,
                125,
                126,
                127,
                128,
                129,
                130,
                132,
                133,
                134,
                136,
                138,
                140,
                141,
                143,
                144,
                145,
                148,
                149,
                150,
                151,
                152,
                154,
                155,
                156,
                157,
                160,
                161,
                162,
                163,
                164,
                165,
                166,
                167,
                168,
                169,
                171,
                172,
                173,
                174,
                175,
                176,
                177,
                178,
                179,
                181,
                182,
                183,
                186,
                187,
                188,
                189,
                190,
                192,
                193,
                199,
                203,
                204,
                206,
                208,
                211,
                213,
                214,
                215,
                217,
                219,
                221,
                226,
                227,
                229,
                230,
                232,
                235,
                239,
                241,
                251,
                269,
                272,
                274,
                276,
                313,
                326,
                328,
                329,
                352,
                355,
                363,
                364,
                366,
                368,
                369,
                373,
                377,
                385,
                387,
                388,
                389,
                390,
                397,
                399,
                400,
                401,
                402,
                406,
                412,
                414,
                426,
                436,
                437,
                439,
                441,
                447,
                448,
                449,
                450,
                454,
                459,
                461,
                465,
                473,
                474,
                476,
                477,
                481,
                482,
                483,
                484,
                485,
                486,
                487,
                488,
                489,
                490,
                491,
                492,
                493,
                495,
                496,
                498,
                499,
                501,
                505,
                507,
                508
            ],
            "summary": {
                "covered_lines": 173,
                "num_statements": 251,
                "percent_covered": 66.0968660968661,
                "percent_covered_display": "66.097",
                "missing_lines": 78,
                "excluded_lines": 7,
                "num_branches": 100,
                "num_partial_branches": 7,
                "covered_branches": 59,
                "missing_branches": 41
            },
            "missing_lines": [
                46,
                47,
                180,
                184,
                252,
                267,
                278,
                279,
                280,
                281,
                282,
                283,
                285,
                286,
                287,
                288,
                289,
                290,
                291,
                292,
                293,
                294,
                295,
                296,
                297,
                298,
                300,
                301,
                303,
                316,
                318,
                321,
                322,
                324,
                331,
                335,
                336,
                337,
                338,
                339,
                340,
                342,
                344,
                345,
                346,
                347,
                348,
                356,
                357,
                358,
                359,
                370,
                371,
                372,
                381,
                382,
                383,
                391,
                392,
                393,
                394,
                395,
                404,
                417,
                418,
                419,
                420,
                421,
                423,
                424,
                428,
                429,
                430,
                431,
                432,
                433,
                434,
                463
            ],
            "excluded_lines": [
                208,
                209,
                451,
                452,
                455,
                456,
                457
            ],
            "executed_branches": [
                [
                    39,
                    48
                ],
                [
                    144,
                    145
                ],
                [
                    144,
                    148
                ],
                [
                    148,
                    149
                ],
                [
                    148,
                    154
                ],
                [
                    162,
                    163
                ],
                [
                    162,
                    165
                ],
                [
                    166,
                    167
                ],
                [
                    166,
                    169
                ],
                [
                    173,
                    174
                ],
                [
                    173,
                    177
                ],
                [
                    177,
                    178
                ],
                [
                    177,
                    181
                ],
                [
                    181,
                    182
                ],
                [
                    181,
                    186
                ],
                [
                    186,
                    187
                ],
                [
                    186,
                    192
                ],
                [
                    192,
                    193
                ],
                [
                    192,
                    199
                ],
                [
                    199,
                    203
                ],
                [
                    199,
                    206
                ],
                [
                    226,
                    227
                ],
                [
                    226,
                    229
                ],
                [
                    229,
                    -221
                ],
                [
                    229,
                    230
                ],
                [
                    251,
                    269
                ],
                [
                    328,
                    329
                ],
                [
                    355,
                    363
                ],
                [
                    363,
                    -326
                ],
                [
                    363,
                    364
                ],
                [
                    369,
                    373
                ],
                [
                    387,
                    388
                ],
                [
                    390,
                    387
                ],
                [
                    399,
                    400
                ],
                [
                    399,
                    401
                ],
                [
                    401,
                    402
                ],
                [
                    412,
                    -412
                ],
                [
                    412,
                    -406
                ],
                [
                    412,
                    412
                ],
                [
                    437,
                    436
                ],
                [
                    437,
                    441
                ],
                [
                    459,
                    -459
                ],
                [
                    459,
                    -441
                ],
                [
                    459,
                    459
                ],
                [
                    473,
                    474
                ],
                [
                    473,
                    476
                ],
                [
                    476,
                    477
                ],
                [
                    476,
                    498
                ],
                [
                    477,
                    481
                ],
                [
                    477,
                    495
                ],
                [
                    483,
                    484
                ],
                [
                    483,
                    496
                ],
                [
                    485,
                    486
                ],
                [
                    485,
                    493
                ],
                [
                    488,
                    489
                ],
                [
                    488,
                    490
                ],
                [
                    490,
                    491
                ],
                [
                    490,
                    492
                ],
                [
                    501,
                    -501
                ],
                [
                    501,
                    501
                ],
                [
                    501,
                    505
                ]
            ],
            "missing_branches": [
                [
                    251,
                    252
                ],
                [
                    285,
                    286
                ],
                [
                    285,
                    287
                ],
                [
                    287,
                    288
                ],
                [
                    287,
                    289
                ],
                [
                    289,
                    290
                ],
                [
                    289,
                    291
                ],
                [
                    291,
                    292
                ],
                [
                    291,
                    293
                ],
                [
                    293,
                    294
                ],
                [
                    293,
                    295
                ],
                [
                    295,
                    296
                ],
                [
                    295,
                    297
                ],
                [
                    297,
                    298
                ],
                [
                    297,
                    300
                ],
                [
                    321,
                    322
                ],
                [
                    321,
                    324
                ],
                [
                    328,
                    331
                ],
                [
                    337,
                    338
                ],
                [
                    337,
                    342
                ],
                [
                    339,
                    340
                ],
                [
                    339,
                    342
                ],
                [
                    346,
                    347
                ],
                [
                    346,
                    348
                ],
                [
                    355,
                    356
                ],
                [
                    369,
                    370
                ],
                [
                    371,
                    372
                ],
                [
                    371,
                    373
                ],
                [
                    382,
                    -366
                ],
                [
                    382,
                    383
                ],
                [
                    387,
                    394
                ],
                [
                    390,
                    391
                ],
                [
                    392,
                    387
                ],
                [
                    392,
                    393
                ],
                [
                    394,
                    -385
                ],
                [
                    394,
                    395
                ],
                [
                    401,
                    404
                ],
                [
                    418,
                    419
                ],
                [
                    418,
                    423
                ],
                [
                    420,
                    421
                ],
                [
                    420,
                    424
                ]
            ]
        },
        "coverage/config.py": {
            "executed_lines": [
                4,
                6,
                8,
                9,
                10,
                11,
                12,
                13,
                15,
                19,
                20,
                21,
                22,
                27,
                30,
                31,
                33,
                41,
                42,
                43,
                44,
                46,
                52,
                54,
                56,
                57,
                58,
                59,
                60,
                61,
                63,
                64,
                65,
                66,
                67,
                69,
                70,
                72,
                73,
                74,
                75,
                76,
                78,
                80,
                81,
                82,
                83,
                85,
                95,
                96,
                97,
                98,
                100,
                102,
                103,
                104,
                106,
                115,
                116,
                117,
                118,
                119,
                120,
                121,
                122,
                124,
                133,
                134,
                135,
                136,
                137,
                138,
                139,
                140,
                143,
                144,
                145,
                148,
                152,
                157,
                164,
                170,
                171,
                179,
                183,
                185,
                187,
                188,
                191,
                192,
                195,
                196,
                197,
                198,
                199,
                200,
                201,
                202,
                203,
                204,
                205,
                206,
                207,
                208,
                209,
                210,
                211,
                212,
                213,
                214,
                217,
                218,
                219,
                220,
                221,
                222,
                223,
                224,
                225,
                226,
                227,
                228,
                229,
                230,
                231,
                232,
                235,
                236,
                237,
                238,
                239,
                240,
                243,
                244,
                247,
                248,
                249,
                252,
                255,
                258,
                260,
                266,
                268,
                269,
                270,
                271,
                272,
                274,
                287,
                289,
                290,
                292,
                294,
                296,
                297,
                298,
                299,
                300,
                301,
                303,
                305,
                306,
                307,
                308,
                309,
                310,
                311,
                312,
                315,
                316,
                317,
                318,
                320,
                321,
                322,
                323,
                324,
                331,
                332,
                333,
                334,
                337,
                338,
                339,
                340,
                345,
                346,
                348,
                350,
                351,
                352,
                353,
                355,
                357,
                359,
                361,
                363,
                433,
                445,
                446,
                447,
                448,
                449,
                450,
                452,
                454,
                456,
                467,
                468,
                469,
                472,
                473,
                474,
                475,
                476,
                479,
                480,
                481,
                482,
                485,
                487,
                498,
                499,
                502,
                503,
                504,
                505,
                508,
                509,
                510,
                513,
                515,
                517,
                519,
                521,
                522,
                523,
                524,
                528,
                530,
                532,
                537,
                546,
                547,
                548,
                549,
                551,
                552,
                553,
                554,
                555,
                557,
                558,
                559,
                565,
                568,
                590,
                593,
                594,
                596,
                597,
                598,
                599,
                600,
                601,
                605,
                606,
                607,
                608,
                609,
                610,
                613,
                617,
                619
            ],
            "summary": {
                "covered_lines": 272,
                "num_statements": 272,
                "percent_covered": 100.0,
                "percent_covered_display": "100.000",
                "missing_lines": 0,
                "excluded_lines": 0,
                "num_branches": 106,
                "num_partial_branches": 0,
                "covered_branches": 106,
                "missing_branches": 0
            },
            "missing_lines": [],
            "excluded_lines": [],
            "executed_branches": [
                [
                    43,
                    -33
                ],
                [
                    43,
                    44
                ],
                [
                    56,
                    57
                ],
                [
                    56,
                    61
                ],
                [
                    59,
                    56
                ],
                [
                    59,
                    60
                ],
                [
                    65,
                    66
                ],
                [
                    65,
                    67
                ],
                [
                    74,
                    75
                ],
                [
                    74,
                    76
                ],
                [
                    81,
                    82
                ],
                [
                    81,
                    83
                ],
                [
                    95,
                    96
                ],
                [
                    95,
                    100
                ],
                [
                    97,
                    95
                ],
                [
                    97,
                    98
                ],
                [
                    117,
                    118
                ],
                [
                    117,
                    122
                ],
                [
                    118,
                    117
                ],
                [
                    118,
                    119
                ],
                [
                    120,
                    118
                ],
                [
                    120,
                    121
                ],
                [
                    135,
                    136
                ],
                [
                    135,
                    145
                ],
                [
                    143,
                    135
                ],
                [
                    143,
                    144
                ],
                [
                    268,
                    -266
                ],
                [
                    268,
                    269
                ],
                [
                    269,
                    268
                ],
                [
                    269,
                    270
                ],
                [
                    270,
                    271
                ],
                [
                    270,
                    272
                ],
                [
                    289,
                    290
                ],
                [
                    289,
                    292
                ],
                [
                    300,
                    301
                ],
                [
                    300,
                    303
                ],
                [
                    307,
                    308
                ],
                [
                    307,
                    315
                ],
                [
                    309,
                    307
                ],
                [
                    309,
                    310
                ],
                [
                    316,
                    317
                ],
                [
                    316,
                    320
                ],
                [
                    320,
                    321
                ],
                [
                    320,
                    331
                ],
                [
                    322,
                    320
                ],
                [
                    322,
                    323
                ],
                [
                    323,
                    320
                ],
                [
                    323,
                    324
                ],
                [
                    331,
                    332
                ],
                [
                    331,
                    337
                ],
                [
                    332,
                    333
                ],
                [
                    332,
                    337
                ],
                [
                    337,
                    338
                ],
                [
                    337,
                    345
                ],
                [
                    338,
                    337
                ],
                [
                    338,
                    339
                ],
                [
                    345,
                    346
                ],
                [
                    345,
                    348
                ],
                [
                    350,
                    351
                ],
                [
                    350,
                    355
                ],
                [
                    352,
                    353
                ],
                [
                    352,
                    355
                ],
                [
                    446,
                    447
                ],
                [
                    446,
                    450
                ],
                [
                    467,
                    468
                ],
                [
                    467,
                    472
                ],
                [
                    472,
                    473
                ],
                [
                    472,
                    479
                ],
                [
                    474,
                    472
                ],
                [
                    474,
                    475
                ],
                [
                    480,
                    481
                ],
                [
                    480,
                    485
                ],
                [
                    498,
                    499
                ],
                [
                    498,
                    502
                ],
                [
                    502,
                    503
                ],
                [
                    502,
                    508
                ],
                [
                    504,
                    502
                ],
                [
                    504,
                    505
                ],
                [
                    509,
                    510
                ],
                [
                    509,
                    513
                ],
                [
                    524,
                    -524
                ],
                [
                    524,
                    524
                ],
                [
                    524,
                    528
                ],
                [
                    532,
                    -532
                ],
                [
                    532,
                    -530
                ],
                [
                    532,
                    532
                ],
                [
                    546,
                    547
                ],
                [
                    546,
                    548
                ],
                [
                    549,
                    551
                ],
                [
                    549,
                    555
                ],
                [
                    552,
                    553
                ],
                [
                    552,
                    555
                ],
                [
                    555,
                    557
                ],
                [
                    555,
                    558
                ],
                [
                    593,
                    594
                ],
                [
                    593,
                    605
                ],
                [
                    596,
                    597
                ],
                [
                    596,
                    605
                ],
                [
                    598,
                    599
                ],
                [
                    598,
                    600
                ],
                [
                    600,
                    596
                ],
                [
                    600,
                    601
                ],
                [
                    606,
                    607
                ],
                [
                    606,
                    608
                ],
                [
                    609,
                    610
                ],
                [
                    609,
                    613
                ],
                [
                    610,
                    -610
                ],
                [
                    610,
                    610
                ],
                [
                    610,
                    613
                ]
            ],
            "missing_branches": []
        },
        "coverage/context.py": {
            "executed_lines": [
                4,
                6,
                8,
                9,
                12,
                27,
                28,
                30,
                31,
                33,
                41,
                44,
                52,
                54,
                55,
                56,
                57,
                58,
                59,
                61,
                62,
                63,
                64,
                65,
                67,
                68,
                69,
                70,
                72
            ],
            "summary": {
                "covered_lines": 29,
                "num_statements": 38,
                "percent_covered": 73.21428571428571,
                "percent_covered_display": "73.214",
                "missing_lines": 9,
                "excluded_lines": 0,
                "num_branches": 18,
                "num_partial_branches": 0,
                "covered_branches": 12,
                "missing_branches": 6
            },
            "missing_lines": [
                35,
                36,
                37,
                38,
                39,
                46,
                47,
                48,
                49
            ],
            "excluded_lines": [],
            "executed_branches": [
                [
                    27,
                    28
                ],
                [
                    27,
                    30
                ],
                [
                    30,
                    31
                ],
                [
                    30,
                    33
                ],
                [
                    57,
                    58
                ],
                [
                    57,
                    61
                ],
                [
                    61,
                    62
                ],
                [
                    61,
                    67
                ],
                [
                    63,
                    64
                ],
                [
                    63,
                    65
                ],
                [
                    68,
                    69
                ],
                [
                    68,
                    72
                ]
            ],
            "missing_branches": [
                [
                    35,
                    36
                ],
                [
                    35,
                    39
                ],
                [
                    37,
                    35
                ],
                [
                    37,
                    38
                ],
                [
                    47,
                    48
                ],
                [
                    47,
                    49
                ]
            ]
        },
        "coverage/control.py": {
            "executed_lines": [
                4,
                6,
                8,
                9,
                10,
                11,
                12,
                13,
                14,
                15,
                16,
                17,
                18,
                20,
                21,
                26,
                27,
                28,
                29,
                30,
                31,
                32,
                33,
                34,
                35,
                36,
                37,
                38,
                39,
                40,
                41,
                42,
                43,
                44,
                45,
                46,
                47,
                48,
                49,
                53,
                55,
                57,
                58,
                64,
                65,
                66,
                67,
                68,
                70,
                73,
                74,
                76,
                77,
                98,
                100,
                101,
                109,
                110,
                114,
                223,
                227,
                228,
                229,
                230,
                231,
                234,
                236,
                237,
                240,
                241,
                242,
                243,
                244,
                247,
                251,
                252,
                253,
                254,
                255,
                257,
                258,
                259,
                260,
                264,
                265,
                267,
                269,
                272,
                273,
                274,
                298,
                301,
                309,
                310,
                312,
                315,
                317,
                320,
                323,
                325,
                326,
                327,
                330,
                333,
                338,
                340,
                342,
                343,
                344,
                348,
                349,
                351,
                353,
                354,
                355,
                356,
                357,
                358,
                360,
                361,
                362,
                363,
                364,
                365,
                366,
                368,
                369,
                370,
                372,
                373,
                375,
                387,
                404,
                413,
                414,
                416,
                418,
                420,
                421,
                422,
                423,
                425,
                427,
                428,
                429,
                431,
                433,
                434,
                436,
                452,
                454,
                484,
                486,
                488,
                489,
                490,
                491,
                492,
                493,
                494,
                495,
                496,
                497,
                499,
                502,
                503,
                504,
                505,
                506,
                508,
                509,
                510,
                511,
                512,
                514,
                516,
                520,
                522,
                533,
                534,
                535,
                537,
                538,
                539,
                540,
                541,
                542,
                544,
                546,
                548,
                549,
                552,
                553,
                562,
                563,
                566,
                572,
                573,
                576,
                579,
                580,
                581,
                582,
                586,
                590,
                592,
                596,
                597,
                605,
                616,
                617,
                618,
                619,
                620,
                622,
                623,
                626,
                630,
                631,
                633,
                634,
                636,
                637,
                638,
                640,
                642,
                643,
                644,
                645,
                646,
                647,
                648,
                650,
                652,
                654,
                655,
                656,
                657,
                659,
                667,
                674,
                675,
                676,
                677,
                678,
                679,
                680,
                681,
                682,
                684,
                697,
                698,
                706,
                708,
                709,
                710,
                712,
                727,
                728,
                729,
                730,
                732,
                734,
                736,
                738,
                739,
                740,
                741,
                743,
                750,
                751,
                753,
                755,
                756,
                758,
                760,
                764,
                765,
                766,
                767,
                768,
                770,
                801,
                802,
                803,
                804,
                806,
                807,
                816,
                826,
                827,
                828,
                830,
                831,
                832,
                835,
                836,
                838,
                839,
                841,
                848,
                849,
                853,
                854,
                857,
                858,
                862,
                863,
                864,
                865,
                866,
                867,
                870,
                872,
                873,
                875,
                895,
                896,
                904,
                911,
                912,
                914,
                915,
                916,
                918,
                920,
                922,
                924,
                925,
                926,
                928,
                929,
                930,
                931,
                943,
                944,
                946,
                947,
                949,
                960,
                961,
                962,
                965,
                966,
                968,
                969,
                971,
                973,
                974,
                975,
                976,
                977,
                979,
                1044,
                1045,
                1058,
                1059,
                1061,
                1086,
                1087,
                1089,
                1090,
                1097,
                1098,
                1100,
                1139,
                1140,
                1154,
                1155,
                1156,
                1158,
                1180,
                1181,
                1190,
                1192,
                1217,
                1218,
                1228,
                1230,
                1248,
                1249,
                1257,
                1259,
                1262,
                1264,
                1265,
                1267,
                1269,
                1270,
                1271,
                1272,
                1273,
                1274,
                1275,
                1277,
                1312,
                1313,
                1315,
                1317,
                1322,
                1331,
                1354,
                1355,
                1368,
                1371,
                1384
            ],
            "summary": {
                "covered_lines": 403,
                "num_statements": 442,
                "percent_covered": 89.49044585987261,
                "percent_covered_display": "89.490",
                "missing_lines": 39,
                "excluded_lines": 7,
                "num_branches": 186,
                "num_partial_branches": 13,
                "covered_branches": 159,
                "missing_branches": 27
            },
            "missing_lines": [
                112,
                381,
                382,
                383,
                384,
                385,
                393,
                394,
                395,
                396,
                397,
                399,
                400,
                402,
                424,
                653,
                661,
                700,
                701,
                702,
                704,
                833,
                932,
                934,
                935,
                936,
                937,
                1357,
                1373,
                1374,
                1375,
                1376,
                1377,
                1378,
                1379,
                1381,
                1386,
                1387,
                1388
            ],
            "excluded_lines": [
                298,
                299,
                664,
                665,
                1322,
                1323,
                1325
            ],
            "executed_branches": [
                [
                    58,
                    57
                ],
                [
                    58,
                    73
                ],
                [
                    101,
                    100
                ],
                [
                    101,
                    114
                ],
                [
                    109,
                    110
                ],
                [
                    228,
                    229
                ],
                [
                    228,
                    230
                ],
                [
                    230,
                    231
                ],
                [
                    230,
                    234
                ],
                [
                    272,
                    273
                ],
                [
                    272,
                    274
                ],
                [
                    309,
                    310
                ],
                [
                    309,
                    312
                ],
                [
                    317,
                    320
                ],
                [
                    317,
                    323
                ],
                [
                    326,
                    327
                ],
                [
                    326,
                    330
                ],
                [
                    333,
                    -301
                ],
                [
                    333,
                    338
                ],
                [
                    342,
                    343
                ],
                [
                    342,
                    348
                ],
                [
                    348,
                    -340
                ],
                [
                    348,
                    349
                ],
                [
                    354,
                    355
                ],
                [
                    354,
                    372
                ],
                [
                    355,
                    356
                ],
                [
                    355,
                    360
                ],
                [
                    360,
                    361
                ],
                [
                    360,
                    368
                ],
                [
                    362,
                    363
                ],
                [
                    362,
                    366
                ],
                [
                    368,
                    354
                ],
                [
                    368,
                    369
                ],
                [
                    372,
                    -351
                ],
                [
                    372,
                    373
                ],
                [
                    413,
                    414
                ],
                [
                    413,
                    416
                ],
                [
                    416,
                    418
                ],
                [
                    416,
                    420
                ],
                [
                    421,
                    422
                ],
                [
                    421,
                    423
                ],
                [
                    423,
                    425
                ],
                [
                    427,
                    -404
                ],
                [
                    427,
                    428
                ],
                [
                    433,
                    -431
                ],
                [
                    433,
                    434
                ],
                [
                    489,
                    490
                ],
                [
                    489,
                    491
                ],
                [
                    492,
                    493
                ],
                [
                    492,
                    494
                ],
                [
                    495,
                    -486
                ],
                [
                    495,
                    496
                ],
                [
                    503,
                    504
                ],
                [
                    503,
                    508
                ],
                [
                    504,
                    505
                ],
                [
                    504,
                    506
                ],
                [
                    509,
                    510
                ],
                [
                    509,
                    511
                ],
                [
                    511,
                    512
                ],
                [
                    511,
                    514
                ],
                [
                    516,
                    -516
                ],
                [
                    516,
                    516
                ],
                [
                    516,
                    520
                ],
                [
                    534,
                    535
                ],
                [
                    534,
                    538
                ],
                [
                    535,
                    537
                ],
                [
                    535,
                    546
                ],
                [
                    538,
                    539
                ],
                [
                    538,
                    544
                ],
                [
                    539,
                    540
                ],
                [
                    539,
                    541
                ],
                [
                    541,
                    542
                ],
                [
                    552,
                    553
                ],
                [
                    552,
                    566
                ],
                [
                    553,
                    -553
                ],
                [
                    553,
                    553
                ],
                [
                    553,
                    562
                ],
                [
                    562,
                    563
                ],
                [
                    562,
                    566
                ],
                [
                    580,
                    -499
                ],
                [
                    580,
                    581
                ],
                [
                    582,
                    586
                ],
                [
                    592,
                    -590
                ],
                [
                    592,
                    596
                ],
                [
                    617,
                    618
                ],
                [
                    617,
                    620
                ],
                [
                    630,
                    631
                ],
                [
                    630,
                    633
                ],
                [
                    633,
                    634
                ],
                [
                    633,
                    636
                ],
                [
                    642,
                    643
                ],
                [
                    643,
                    644
                ],
                [
                    643,
                    645
                ],
                [
                    645,
                    646
                ],
                [
                    645,
                    648
                ],
                [
                    652,
                    654
                ],
                [
                    654,
                    655
                ],
                [
                    654,
                    656
                ],
                [
                    656,
                    -650
                ],
                [
                    656,
                    657
                ],
                [
                    676,
                    677
                ],
                [
                    676,
                    678
                ],
                [
                    697,
                    698
                ],
                [
                    738,
                    739
                ],
                [
                    738,
                    741
                ],
                [
                    764,
                    765
                ],
                [
                    764,
                    768
                ],
                [
                    766,
                    764
                ],
                [
                    766,
                    767
                ],
                [
                    830,
                    831
                ],
                [
                    830,
                    838
                ],
                [
                    831,
                    832
                ],
                [
                    831,
                    835
                ],
[...]
                26,
                27,
                28,
                29,
                30,
                31,
                32,
                33,
                35,
                36,
                37,
                38,
                39,
                40,
                41,
                42,
                43
            ],
            "summary": {
                "covered_lines": 29,
                "num_statements": 29,
                "percent_covered": 100.0,
                "percent_covered_display": "100.000",
                "missing_lines": 0,
                "excluded_lines": 0,
                "num_branches": 2,
                "num_partial_branches": 0,
                "covered_branches": 2,
                "missing_branches": 0
            },
            "missing_lines": [],
            "excluded_lines": [],
            "executed_branches": [
                [
                    22,
                    -22
                ],
                [
                    22,
                    22
                ],
                [
                    22,
                    23
                ]
            ],
            "missing_branches": []
        },
        "tests/test_xml.py": {
            "executed_lines": [
                4,
                6,
                8,
                9,
                10,
                12,
                13,
                15,
                17,
                18,
                19,
                20,
                21,
                23,
                24,
                25,
                28,
                29,
                31,
                33,
                34,
                35,
                36,
                37,
                38,
                40,
                49,
                50,
                52,
                54,
                56,
                57,
                58,
                59,
                60,
                61,
                62,
                63,
                65,
                71,
                72,
                73,
                76,
                77,
                79,
                81,
                82,
                92,
                93,
                95,
                96,
                97,
                98,
                99,
                100,
                103,
                104,
                106,
                108,
                109,
                111,
                113,
                114,
                115,
                117,
                118,
                119,
                120,
                121,
                123,
                124,
                125,
                126,
                127,
                128,
                129,
                130,
                132,
                133,
                134,
                135,
                136,
                137,
                139,
                140,
                141,
                142,
                143,
                144,
                146,
                148,
                149,
                150,
                151,
                153,
                156,
                157,
                158,
                159,
                160,
                161,
                162,
                166,
                168,
                169,
                170,
                171,
                172,
                173,
                174,
                176,
                177,
                178,
                179,
                180,
                181,
                182,
                184,
                185,
                186,
                187,
                188,
                189,
                190,
                191,
                193,
                196,
                197,
                198,
                199,
                200,
                201,
                202,
                203,
                204,
                206,
                208,
                209,
                210,
                211,
                212,
                213,
                215,
                216,
                217,
                218,
                219,
                220,
                222,
                225,
                226,
                227,
                228,
                229,
                230,
                232,
                236,
                237,
                238,
                239,
                240,
                241,
                242,
                243,
                244,
                245,
                249,
                251,
                252,
                253,
                254,
                256,
                257,
                258,
                266,
                267,
                268,
                276,
                278,
                279,
                280,
                281,
                282,
                284,
                286,
                287,
                288,
                289,
                290,
                292,
                293,
                294,
                295,
                297,
                299,
                300,
                303,
                304,
                305,
                306,
                307,
                308,
                309,
                311,
                312,
                313,
                314,
                321,
                322,
                326,
                327,
                328,
                332,
                334,
                335,
                336,
                338,
                340,
                343,
                344,
                347,
                348,
                351,
                352,
                355,
                357,
                358,
                359,
                360,
                362,
                363,
                366,
                367,
                369,
                371,
                372,
                373,
                374,
                375,
                377,
                379,
                381,
                382,
                383,
                386,
                387,
                388,
                399,
                400,
                401,
                404,
                405,
                407,
                408,
                420,
                421,
                422,
                425,
                426,
                428,
                429,
                442,
                443,
                444,
                447,
                448,
                450,
                451,
                465,
                468,
                469,
                470,
                472,
                476,
                477,
                479,
                480,
                481,
                482,
                483,
                484,
                485,
                486,
                487,
                489,
                490,
                491,
                494,
                496,
                498,
                504,
                507,
                508,
                510,
                511,
                519,
                520,
                521,
                522,
                524,
                525,
                533,
                539,
                540,
                541,
                542,
                544,
                545,
                555,
                556,
                557,
                558
            ],
            "summary": {
                "covered_lines": 302,
                "num_statements": 302,
                "percent_covered": 100.0,
                "percent_covered_display": "100.000",
                "missing_lines": 0,
                "excluded_lines": 5,
                "num_branches": 48,
                "num_partial_branches": 0,
                "covered_branches": 48,
                "missing_branches": 0
            },
            "missing_lines": [],
            "excluded_lines": [
                240,
                241,
                242,
                335,
                336
            ],
            "executed_branches": [
                [
                    49,
                    50
                ],
                [
                    49,
                    52
                ],
                [
                    56,
                    57
                ],
                [
                    56,
                    59
                ],
                [
                    59,
                    -40
                ],
                [
                    59,
                    60
                ],
                [
                    61,
                    -40
                ],
                [
                    61,
                    62
                ],
                [
                    73,
                    -73
                ],
                [
                    73,
                    -65
                ],
                [
                    73,
                    73
                ],
                [
                    95,
                    96
                ],
                [
                    95,
                    97
                ],
                [
                    97,
                    98
                ],
                [
                    97,
                    99
                ],
                [
                    99,
                    -81
                ],
                [
                    99,
                    100
                ],
                [
                    148,
                    149
                ],
                [
                    148,
                    150
                ],
                [
                    160,
                    161
                ],
                [
                    160,
                    162
                ],
                [
                    243,
                    244
                ],
                [
                    243,
                    245
                ],
                [
                    279,
                    -276
                ],
                [
                    279,
                    280
                ],
                [
                    292,
                    293
                ],
                [
                    292,
                    294
                ],
                [
                    306,
                    307
                ],
                [
                    306,
                    308
                ],
                [
                    357,
                    358
                ],
                [
                    357,
                    359
                ],
                [
                    358,
                    -358
                ],
                [
                    358,
                    -355
                ],
                [
                    358,
                    358
                ],
                [
                    359,
                    360
                ],
                [
                    359,
                    362
                ],
                [
                    360,
                    -360
                ],
                [
                    360,
                    -355
                ],
                [
                    360,
                    360
                ],
                [
                    373,
                    -369
                ],
                [
                    373,
                    374
                ],
                [
                    374,
                    373
                ],
                [
                    374,
                    375
                ],
                [
                    375,
                    -375
                ],
                [
                    375,
                    373
                ],
                [
                    375,
                    375
                ],
                [
                    480,
                    -366
                ],
                [
                    480,
                    479
                ],
                [
                    481,
                    482
                ],
                [
                    481,
                    483
                ],
                [
                    491,
                    -491
                ],
                [
                    491,
                    -479
                ],
                [
                    491,
                    491
                ]
            ],
            "missing_branches": []
        },
        "tests/zip1.zip/zip1/__init__.py": {
            "executed_lines": [],
            "summary": {
                "covered_lines": 0,
                "num_statements": 0,
                "percent_covered": 100.0,
                "percent_covered_display": "100.000",
                "missing_lines": 0,
                "excluded_lines": 0,
                "num_branches": 0,
                "num_partial_branches": 0,
                "covered_branches": 0,
                "missing_branches": 0
            },
            "missing_lines": [],
            "excluded_lines": [],
            "executed_branches": [],
            "missing_branches": []
        },
        "tests/zip1.zip/zip1/zip1.py": {
            "executed_lines": [
                6,
                7
            ],
            "summary": {
                "covered_lines": 2,
                "num_statements": 2,
                "percent_covered": 100.0,
                "percent_covered_display": "100.000",
                "missing_lines": 0,
                "excluded_lines": 0,
                "num_branches": 0,
                "num_partial_branches": 0,
                "covered_branches": 0,
                "missing_branches": 0
            },
            "missing_lines": [],
            "excluded_lines": [],
            "executed_branches": [],
            "missing_branches": []
        },
        "tests/zipmods.zip/encoded_cp1252.py": {
            "executed_lines": [
                2,
                3,
                4,
                5,
                6
            ],
            "summary": {
                "covered_lines": 5,
                "num_statements": 5,
                "percent_covered": 100.0,
                "percent_covered_display": "100.000",
                "missing_lines": 0,
                "excluded_lines": 0,
                "num_branches": 2,
                "num_partial_branches": 0,
                "covered_branches": 2,
                "missing_branches": 0
            },
            "missing_lines": [],
            "excluded_lines": [],
            "executed_branches": [
                [
                    4,
                    -4
                ],
                [
                    4,
                    4
                ],
                [
                    4,
                    5
                ]
            ],
            "missing_branches": []
        },
        "tests/zipmods.zip/encoded_gb2312.py": {
            "executed_lines": [
                2,
                3,
                4,
                5,
                6
            ],
            "summary": {
                "covered_lines": 5,
                "num_statements": 5,
                "percent_covered": 100.0,
                "percent_covered_display": "100.000",
                "missing_lines": 0,
                "excluded_lines": 0,
                "num_branches": 2,
                "num_partial_branches": 0,
                "covered_branches": 2,
                "missing_branches": 0
            },
            "missing_lines": [],
            "excluded_lines": [],
            "executed_branches": [
                [
                    4,
                    -4
                ],
                [
                    4,
                    4
                ],
                [
                    4,
                    5
                ]
            ],
            "missing_branches": []
        },
        "tests/zipmods.zip/encoded_hebrew.py": {
            "executed_lines": [
                2,
                3,
                4,
                5,
                6
            ],
            "summary": {
                "covered_lines": 5,
                "num_statements": 5,
                "percent_covered": 100.0,
                "percent_covered_display": "100.000",
                "missing_lines": 0,
                "excluded_lines": 0,
                "num_branches": 2,
                "num_partial_branches": 0,
                "covered_branches": 2,
                "missing_branches": 0
            },
            "missing_lines": [],
            "excluded_lines": [],
            "executed_branches": [
                [
                    4,
                    -4
                ],
                [
                    4,
                    4
                ],
                [
                    4,
                    5
                ]
            ],
            "missing_branches": []
        },
        "tests/zipmods.zip/encoded_shift_jis.py": {
            "executed_lines": [
                2,
                3,
                4,
                5,
                6
            ],
            "summary": {
                "covered_lines": 5,
                "num_statements": 5,
                "percent_covered": 100.0,
                "percent_covered_display": "100.000",
                "missing_lines": 0,
                "excluded_lines": 0,
                "num_branches": 2,
                "num_partial_branches": 0,
                "covered_branches": 2,
                "missing_branches": 0
            },
            "missing_lines": [],
            "excluded_lines": [],
            "executed_branches": [
                [
                    4,
                    -4
                ],
                [
                    4,
                    4
                ],
                [
                    4,
                    5
                ]
            ],
            "missing_branches": []
        },
        "tests/zipmods.zip/encoded_utf-8.py": {
            "executed_lines": [
                2,
                3,
                4,
                5,
                6
            ],
            "summary": {
                "covered_lines": 5,
                "num_statements": 5,
                "percent_covered": 100.0,
                "percent_covered_display": "100.000",
                "missing_lines": 0,
                "excluded_lines": 0,
                "num_branches": 2,
                "num_partial_branches": 0,
                "covered_branches": 2,
                "missing_branches": 0
            },
            "missing_lines": [],
            "excluded_lines": [],
            "executed_branches": [
                [
                    4,
                    -4
                ],
                [
                    4,
                    4
                ],
                [
                    4,
                    5
                ]
            ],
            "missing_branches": []
        }
    },
    "totals": {
        "covered_lines": 14220,
        "num_statements": 15227,
        "percent_covered": 92.39102398761929,
        "percent_covered_display": "92.391",
        "missing_lines": 1007,
        "excluded_lines": 608,
        "num_branches": 4158,
        "num_partial_branches": 182,
        "covered_branches": 3690,
        "missing_branches": 468
    }
}