{
    "meta": {
        "version": "7.0.0",
        "timestamp": "2024-06-22T13:15:46.273987",
        "branch_coverage": true,
        "show_contexts": false
    },
    "files": {
        "coverage/__init__.py": {
            "executed_lines": [
                4,
                11,
                13,
                15,
                16,
                17,
                18,
                19,
                22,
                27,
                33,
                34,
                35,
                36
            ],
            "summary": {
                "covered_lines": 14,
                "num_statements": 14,
                "percent_covered": 100.0,
                "percent_covered_display": "100.000",
                "missing_lines": 0,
                "excluded_lines": 0,
                "num_branches": 0,
                "num_partial_branches": 0,
                "covered_branches": 0,
                "missing_branches": 0
            },
            "missing_lines": [],
            "excluded_lines": [],
            "executed_branches": [],
            "missing_branches": []
        },
        "coverage/__main__.py": {
            "executed_lines": [
                4,
                6,
                7,
                8
            ],
            "summary": {
                "covered_lines": 4,
                "num_statements": 4,
                "percent_covered": 100.0,
                "percent_covered_display": "100.000",
                "missing_lines": 0,
                "excluded_lines": 0,
                "num_branches": 0,
                "num_partial_branches": 0,
                "covered_branches": 0,
                "missing_branches": 0
            },
            "missing_lines": [],
            "excluded_lines": [],
            "executed_branches": [],
            "missing_branches": []
        },
        "coverage/annotate.py": {
            "executed_lines": [
                4,
                6,
                7,
                9,
                10,
                11,
                13,
                16,
                17,
                38,
                39,
                40,
                41,
                43,
                44,
                46,
                52,
                53,
                54,
                55,
                57,
                63,
                64,
                65,
                67,
                68,
                69,
                70,
                71,
                72,
                74,
                76,
                77,
                78,
                79,
                80,
                81,
                82,
                83,
                84,
                85,
                86,
                87,
                88,
                89,
                91,
                92,
                93,
                94,
                96,
                97,
                98,
                99,
                100,
                102,
                104
            ],
            "summary": {
                "covered_lines": 55,
                "num_statements": 55,
                "percent_covered": 98.79518072289157,
                "percent_covered_display": "98.795",
                "missing_lines": 0,
                "excluded_lines": 0,
                "num_branches": 28,
                "num_partial_branches": 1,
                "covered_branches": 27,
                "missing_branches": 1
            },
            "missing_lines": [],
            "excluded_lines": [],
            "executed_branches": [
                [
                    54,
                    -46
                ],
                [
                    54,
                    55
                ],
                [
                    67,
                    68
                ],
                [
                    67,
                    74
                ],
                [
                    70,
                    71
                ],
                [
                    76,
                    -57
                ],
                [
                    76,
                    77
                ],
                [
                    80,
                    76
                ],
                [
                    80,
                    81
                ],
                [
                    81,
                    82
                ],
                [
                    81,
                    83
                ],
                [
                    83,
                    84
                ],
                [
                    83,
                    85
                ],
                [
                    85,
                    86
                ],
                [
                    85,
                    87
                ],
                [
                    87,
                    88
                ],
                [
                    87,
                    89
                ],
                [
                    89,
                    91
                ],
                [
                    89,
                    97
                ],
                [
                    91,
                    92
                ],
                [
                    91,
                    93
                ],
                [
                    93,
                    94
                ],
                [
                    93,
                    96
                ],
                [
                    97,
                    98
                ],
                [
                    97,
                    99
                ],
                [
                    99,
                    100
                ],
                [
                    99,
                    102
                ]
            ],
            "missing_branches": [
                [
                    70,
                    72
                ]
            ]
        },
        "coverage/bytecode.py": {
            "executed_lines": [
                4,
                6,
                9,
                11,
                12,
                15,
                16,
                17,
                18,
                19
            ],
            "summary": {
                "covered_lines": 10,
                "num_statements": 10,
                "percent_covered": 100.0,
                "percent_covered_display": "100.000",
                "missing_lines": 0,
                "excluded_lines": 0,
                "num_branches": 6,
                "num_partial_branches": 0,
                "covered_branches": 6,
                "missing_branches": 0
            },
            "missing_lines": [],
            "excluded_lines": [],
            "executed_branches": [
                [
                    12,
                    -9
                ],
                [
                    12,
                    15
                ],
                [
                    16,
                    17
                ],
                [
                    16,
                    19
                ],
                [
                    17,
                    16
                ],
                [
                    17,
                    18
                ]
            ],
            "missing_branches": []
        },
        "coverage/cmdline.py": {
            "executed_lines": [
                4,
                6,
                7,
                8,
                9,
                10,
                11,
                12,
                13,
                15,
                16,
                17,
                18,
                19,
                20,
                21,
                22,
                23,
                24,
                25,
                30,
                31,
                36,
                40,
                44,
                48,
                55,
                59,
                66,
                73,
                80,
                87,
                91,
                95,
                99,
                103,
                107,
                111,
                118,
                125,
                129,
                136,
                143,
                147,
                151,
                155,
                159,
                167,
                174,
                178,
                186,
                190,
                194,
                198,
                202,
                209,
                213,
                220,
                224,
                230,
                231,
                238,
                239,
                240,
                274,
                275,
                276,
                277,
                278,
                279,
                281,
                282,
                287,
                288,
                289,
                290,
                291,
                293,
                294,
                295,
                296,
                297,
                298,
                299,
                300,
                301,
                302,
                303,
                305,
                309,
                311,
                312,
                314,
                315,
                324,
                325,
                326,
                330,
                331,
                332,
                334,
                336,
                337,
                338,
                339,
                341,
                343,
                346,
                349,
                350,
                351,
                352,
                354,
                359,
                360,
                541,
                542,
                543,
                544,
                545,
                546,
                547,
                548,
                550,
                551,
                552,
                556,
                557,
                558,
                559,
                561,
                562,
                563,
                564,
                565,
                566,
                567,
                568,
                569,
                570,
                571,
                572,
                573,
                574,
                575,
                576,
                577,
                578,
                580,
                581,
                582,
                584,
                585,
                586,
                587,
                588,
                590,
                591,
                592,
                594,
                595,
                603,
                604,
                605,
                607,
                608,
                609,
                610,
                611,
                613,
                614,
                615,
                616,
                617,
                618,
                619,
                620,
                621,
                622,
                623,
                624,
                625,
                626,
                628,
                629,
                630,
                631,
                632,
                634,
                635,
                636,
                637,
                638,
                639,
                640,
                656,
                657,
                658,
                659,
                660,
                661,
                662,
                663,
                664,
                665,
                666,
                667,
                668,
                669,
                670,
                671,
                672,
                673,
                674,
                675,
                676,
                684,
                685,
                686,
                687,
                688,
                689,
                690,
                691,
                692,
                701,
                702,
                703,
                704,
                713,
                714,
                719,
                720,
                726,
                727,
                731,
                732,
                733,
                734,
                735,
                736,
                737,
                738,
                739,
                740,
                741,
                742,
                743,
                744,
                745,
                746,
                751,
                752,
                754,
                756,
                757,
                763,
                764,
                765,
                766,
                767,
                768,
                770,
                771,
                772,
                773,
                774,
                775,
                776,
                777,
                778,
                779,
                780,
                782,
                783,
                784,
                785,
                786,
                787,
                788,
                789,
                790,
                791,
                792,
                793,
                794,
                795,
                796,
                797,
                798,
                799,
                800,
                801,
                802,
                803,
                804,
                805,
                807,
                808,
                809,
                810,
                811,
                812,
                814,
                816,
                817,
                818,
                823,
                824,
                825,
                827,
                828,
                829,
                830,
                831,
                832,
                833,
                834,
                835,
                836,
                837,
                838,
                839,
                840,
                841,
                842,
                843,
                844,
                845,
                846,
                847,
                848,
                849,
                851,
                852,
                853,
                854,
                855,
                856,
                857,
                858,
                859,
                860,
                861,
                862,
                863,
                864,
                865,
                866,
                867,
                868,
                869,
                870,
                871,
                872,
                873,
                874,
                875,
                876,
                877,
                878,
                881,
                883,
                884,
                885,
                888,
                890,
                892,
                895,
                897,
                898,
                901,
                902,
                905,
                908,
                940,
                941,
                942,
                947,
                948,
                949,
                950,
                951,
                952,
                953,
                954,
                955,
                956,
                957,
                958,
                959,
                960,
                961,
                962,
                964,
                965,
                967,
                968,
                974,
                975
            ],
            "summary": {
                "covered_lines": 304,
                "num_statements": 310,
                "percent_covered": 96.35535307517084,
                "percent_covered_display": "96.355",
                "missing_lines": 6,
                "excluded_lines": 13,
                "num_branches": 129,
                "num_partial_branches": 6,
                "covered_branches": 119,
                "missing_branches": 10
            },
            "missing_lines": [
                560,
                891,
                899,
                900,
                903,
                904
            ],
            "excluded_lines": [
                733,
                975,
                976,
                977,
                979,
                980,
                981,
                982,
                983,
                984,
                985,
                986,
                987
            ],
            "executed_branches": [
                [
                    324,
                    325
                ],
                [
                    324,
                    326
                ],
                [
                    548,
                    550
                ],
                [
                    548,
                    551
                ],
                [
                    552,
                    562
                ],
                [
                    559,
                    563
                ],
                [
                    564,
                    565
                ],
                [
                    564,
                    567
                ],
                [
                    569,
                    570
                ],
                [
                    569,
                    572
                ],
                [
                    572,
                    573
                ],
                [
                    572,
                    575
                ],
                [
                    572,
                    576
                ],
                [
                    577,
                    578
                ],
                [
                    577,
                    580
                ],
                [
                    603,
                    604
                ],
                [
                    603,
                    609
                ],
                [
                    610,
                    -588
                ],
                [
                    610,
                    611
                ],
                [
                    610,
                    613
                ],
                [
                    614,
                    615
                ],
                [
                    614,
                    617
                ],
                [
                    614,
                    618
                ],
                [
                    620,
                    621
                ],
                [
                    620,
                    624
                ],
                [
                    624,
                    625
                ],
                [
                    624,
                    628
                ],
                [
                    634,
                    635
                ],
                [
                    634,
                    637
                ],
                [
                    634,
                    640
                ],
                [
                    657,
                    658
                ],
                [
                    657,
                    660
                ],
                [
                    660,
                    661
                ],
                [
                    660,
                    664
                ],
                [
                    664,
                    665
                ],
                [
                    664,
                    667
                ],
                [
                    667,
                    -588
                ],
                [
                    667,
                    668
                ],
                [
                    667,
                    676
                ],
                [
                    668,
                    669
                ],
                [
                    668,
                    670
                ],
                [
                    691,
                    686
                ],
                [
                    691,
                    692
                ],
                [
                    691,
                    701
                ],
                [
                    701,
                    702
                ],
                [
                    701,
                    703
                ],
                [
                    703,
                    692
                ],
                [
                    703,
                    704
                ],
                [
                    703,
                    713
                ],
                [
                    713,
                    714
                ],
                [
                    713,
                    714
                ],
                [
                    713,
                    719
                ],
                [
                    713,
                    727
                ],
                [
                    719,
                    720
                ],
                [
                    719,
                    726
                ],
                [
                    735,
                    738
                ],
                [
                    735,
                    754
                ],
                [
                    738,
                    739
                ],
                [
                    738,
                    740
                ],
                [
                    738,
                    746
                ],
                [
                    740,
                    741
                ],
                [
                    740,
                    743
                ],
                [
                    745,
                    -588
                ],
                [
                    745,
                    746
                ],
                [
                    745,
                    754
                ],
                [
                    763,
                    764
                ],
                [
                    763,
                    770
                ],
                [
                    763,
                    776
                ],
                [
                    764,
                    765
                ],
                [
                    764,
                    767
                ],
                [
                    764,
                    772
                ],
                [
                    770,
                    765
                ],
                [
                    770,
                    771
                ],
                [
                    770,
                    783
                ],
                [
                    771,
                    772
                ],
                [
                    771,
                    779
                ],
                [
                    772,
                    773
                ],
                [
                    772,
                    780
                ],
                [
                    774,
                    775
                ],
                [
                    774,
                    777
                ],
                [
                    783,
                    784
                ],
                [
                    783,
                    787
                ],
                [
                    792,
                    793
                ],
                [
                    792,
                    803
                ],
                [
                    793,
                    794
                ],
                [
                    793,
                    795
                ],
                [
                    793,
                    796
                ],
                [
                    793,
                    797
                ],
                [
                    798,
                    -782
                ],
                [
                    798,
                    799
                ],
                [
                    798,
                    803
                ],
                [
                    800,
                    801
                ],
                [
                    800,
                    803
                ],
                [
                    800,
                    804
                ],
                [
                    803,
                    804
                ],
                [
                    803,
                    807
                ],
                [
                    807,
                    808
                ],
                [
                    807,
                    810
                ],
                [
                    807,
                    811
                ],
                [
                    807,
                    818
                ],
                [
                    811,
                    812
                ],
                [
                    811,
                    814
                ],
                [
                    811,
                    816
                ],
                [
                    811,
                    825
                ],
                [
                    814,
                    812
                ],
                [
                    814,
                    817
                ],
                [
                    814,
                    825
                ],
                [
                    817,
                    814
                ],
                [
                    817,
                    818
                ],
                [
                    830,
                    831
                ],
                [
                    830,
                    834
                ],
                [
                    830,
                    835
                ],
                [
                    830,
                    836
                ],
                [
                    843,
                    -789
                ],
                [
                    843,
                    844
                ],
                [
                    844,
                    -789
                ],
                [
                    844,
                    845
                ],
                [
                    844,
                    846
                ],
                [
                    844,
                    847
                ],
                [
                    851,
                    852
                ],
                [
                    851,
                    853
                ],
                [
                    851,
                    854
                ],
                [
                    854,
                    855
                ],
                [
                    854,
                    858
                ],
                [
                    858,
                    859
                ],
                [
                    858,
                    860
                ],
                [
                    860,
                    861
                ],
                [
                    860,
                    862
                ],
                [
                    860,
                    867
                ],
                [
                    864,
                    865
                ],
                [
                    864,
                    871
                ],
                [
                    864,
                    878
                ],
                [
                    867,
                    868
                ],
                [
                    867,
                    869
                ],
                [
                    869,
                    -841
                ],
                [
                    869,
                    870
                ],
                [
                    869,
                    872
                ],
                [
                    872,
                    873
                ],
                [
                    872,
                    875
                ],
                [
                    883,
                    884
                ],
                [
                    883,
                    885
                ],
                [
                    885,
                    -874
                ],
                [
                    885,
                    892
                ],
                [
                    897,
                    905
                ],
                [
                    947,
                    948
                ],
                [
                    947,
                    949
                ],
                [
                    951,
                    955
                ],
                [
                    951,
                    957
                ],
                [
                    957,
                    958
                ],
                [
                    957,
                    959
                ],
                [
                    957,
                    960
                ],
                [
                    957,
                    962
                ],
                [
                    964,
                    965
                ],
                [
                    964,
                    967
                ]
            ],
            "missing_branches": [
                [
                    552,
                    558
                ],
                [
                    559,
                    560
                ],
                [
                    559,
                    562
                ],
                [
                    843,
                    846
                ],
                [
                    885,
                    891
                ],
                [
                    897,
                    898
                ],
                [
                    899,
                    900
                ],
                [
                    899,
                    904
                ],
                [
                    900,
                    901
                ],
                [
                    900,
                    903
                ]
            ]
        },
        "coverage/collector.py": {
            "executed_lines": [
                4,
                6,
                7,
                9,
                10,
                11,
                12,
                13,
                14,
                15,
                17,
                20,
                22,
                23,
                25,
                34,
                37,
                38,
                56,
                59,
                61,
                101,
                102,
                103,
                104,
                105,
                106,
                107,
                108,
                110,
                111,
                112,
                114,
                116,
                117,
                119,
                121,
                125,
                127,
                128,
                129,
                130,
                132,
                133,
                134,
                137,
                138,
                139,
                140,
                141,
                142,
                143,
                144,
                145,
                146,
                148,
                149,
                150,
                151,
                152,
                153,
                154,
                155,
                156,
                158,
                159,
                160,
                163,
                164,
                165,
                166,
                167,
                169,
                170,
                176,
                180,
                181,
                183,
                185,
                188,
                190,
                191,
                192,
                194,
                196,
                198,
                203,
                204,
                206,
                207,
                209,
                214,
                218,
                220,
                230,
                248,
                251,
                253,
                255,
                291,
                304,
                306,
                307,
                330,
                333,
                341,
                342,
                344,
                346,
                347,
                351,
                355,
                363,
                365,
                366,
                367,
                368,
                375,
                377,
                378,
                379,
                380,
                384,
                390,
                392,
                403,
                412,
                414,
                415,
                416,
                417,
                418,
                420,
                426,
                427,
                428,
                429,
                433,
                437,
                439,
                443,
                451,
                452,
                454,
                455,
                459,
                460,
                461,
                462,
                463,
                464,
                465,
                466,
                467,
                468,
                469,
                470,
                472,
                473,
                475,
                477,
                481,
                483,
                484
            ],
            "summary": {
                "covered_lines": 162,
                "num_statements": 238,
                "percent_covered": 65.5688622754491,
                "percent_covered_display": "65.569",
                "missing_lines": 76,
                "excluded_lines": 5,
                "num_branches": 96,
                "num_partial_branches": 7,
                "covered_branches": 57,
                "missing_branches": 39
            },
            "missing_lines": [
                32,
                33,
                157,
                161,
                231,
                246,
                257,
                258,
                259,
                260,
                261,
                262,
                264,
                265,
                266,
                267,
                268,
                269,
                270,
                271,
                272,
                273,
                274,
                275,
                276,
                278,
                279,
                281,
                294,
                296,
                299,
                300,
                302,
                309,
                313,
                314,
                315,
                316,
                317,
                318,
                320,
                322,
                323,
                324,
                325,
                326,
                334,
                335,
                336,
                337,
                348,
                349,
                350,
                359,
                360,
                361,
                369,
                370,
                371,
                372,
                373,
                382,
                394,
                395,
                396,
                397,
                398,
                400,
                401,
                405,
                406,
                407,
                408,
                409,
                410,
                441
            ],
            "excluded_lines": [
                185,
                186,
                430,
                431,
                435
            ],
            "executed_branches": [
                [
                    25,
                    34
                ],
                [
                    119,
                    121
                ],
                [
                    119,
                    125
                ],
                [
                    127,
                    128
                ],
                [
                    127,
                    132
                ],
                [
                    139,
                    140
                ],
                [
                    139,
                    142
                ],
                [
                    143,
                    144
                ],
                [
                    143,
                    146
                ],
                [
                    150,
                    151
                ],
                [
                    150,
                    154
                ],
                [
                    154,
                    155
                ],
                [
                    154,
                    158
                ],
                [
                    158,
                    159
                ],
                [
                    158,
                    163
                ],
                [
                    163,
                    164
                ],
                [
                    163,
                    169
                ],
                [
                    169,
                    170
                ],
                [
                    169,
                    176
                ],
                [
                    176,
                    180
                ],
                [
                    176,
                    183
                ],
                [
                    203,
                    204
                ],
                [
                    203,
                    206
                ],
                [
                    206,
                    -198
                ],
                [
                    206,
                    207
                ],
                [
                    230,
                    248
                ],
                [
                    306,
                    307
                ],
                [
                    333,
                    341
                ],
                [
                    341,
                    -304
                ],
                [
                    341,
                    342
                ],
                [
                    347,
                    351
                ],
                [
                    365,
                    366
                ],
                [
                    368,
                    365
                ],
                [
                    377,
                    378
                ],
                [
                    377,
                    379
                ],
                [
                    379,
                    380
                ],
                [
                    390,
                    -390
                ],
                [
                    390,
                    -384
                ],
                [
                    390,
                    390
                ],
                [
                    437,
                    -437
                ],
                [
                    437,
                    -420
                ],
                [
                    437,
                    437
                ],
                [
                    451,
                    452
                ],
                [
                    451,
                    454
                ],
                [
                    454,
                    455
                ],
                [
                    454,
                    475
                ],
                [
                    455,
                    459
                ],
                [
                    455,
                    472
                ],
                [
                    460,
                    461
                ],
                [
                    460,
                    473
                ],
                [
                    462,
                    463
                ],
                [
                    462,
                    470
                ],
                [
                    465,
                    466
                ],
                [
                    465,
                    467
                ],
                [
                    467,
                    468
                ],
                [
                    467,
                    469
                ],
                [
                    477,
                    -477
                ],
                [
                    477,
                    477
                ],
                [
                    477,
                    477
                ],
                [
                    477,
                    481
                ]
            ],
            "missing_branches": [
                [
                    230,
                    231
                ],
                [
                    264,
                    265
                ],
                [
                    264,
                    266
                ],
                [
                    266,
                    267
                ],
                [
                    266,
                    268
                ],
                [
                    268,
                    269
                ],
                [
                    268,
                    270
                ],
                [
                    270,
                    271
                ],
                [
                    270,
                    272
                ],
                [
                    272,
                    273
                ],
                [
                    272,
                    275
                ],
                [
                    275,
                    276
                ],
                [
                    275,
                    278
                ],
                [
                    299,
                    300
                ],
                [
                    299,
                    302
                ],
                [
                    306,
                    309
                ],
                [
                    315,
                    316
                ],
                [
                    315,
                    320
                ],
                [
                    317,
                    318
                ],
                [
                    317,
                    320
                ],
                [
                    324,
                    325
                ],
                [
                    324,
                    326
                ],
                [
                    333,
                    334
                ],
                [
                    347,
                    348
                ],
                [
                    349,
                    350
                ],
                [
                    349,
                    351
                ],
                [
                    360,
                    -344
                ],
                [
                    360,
                    361
                ],
                [
                    365,
                    372
                ],
                [
                    368,
                    369
                ],
                [
                    370,
                    365
                ],
                [
                    370,
                    371
                ],
                [
                    372,
                    -363
                ],
                [
                    372,
                    373
                ],
                [
                    379,
                    382
                ],
                [
                    395,
                    396
                ],
                [
                    395,
                    400
                ],
                [
                    397,
                    398
                ],
                [
                    397,
                    401
                ]
            ]
        },
        "coverage/config.py": {
            "executed_lines": [
                4,
                6,
                7,
                8,
                9,
                10,
                11,
                13,
                14,
                16,
                18,
                21,
                22,
                24,
                32,
                33,
                34,
                35,
                37,
                39,
                41,
                42,
                43,
                44,
                45,
                46,
                47,
                49,
                50,
                51,
                52,
                53,
                54,
                55,
                57,
                58,
                59,
                60,
                61,
                62,
                64,
                66,
                67,
                68,
                69,
                71,
                81,
                82,
                83,
                84,
                86,
                88,
                89,
                90,
                92,
                101,
                102,
                103,
                104,
                105,
                106,
                107,
                108,
                110,
                119,
                120,
                121,
                122,
                123,
                124,
                125,
                126,
                129,
                130,
                131,
                135,
                140,
                147,
                153,
                154,
                162,
                166,
                168,
                170,
                171,
                174,
                175,
                178,
                179,
                180,
                181,
                182,
                183,
                184,
                185,
                186,
                187,
                188,
                189,
                190,
                191,
                192,
                193,
                194,
                195,
                196,
                197,
                199,
                200,
                201,
                202,
                203,
                204,
                205,
                206,
                207,
                208,
                209,
                210,
                211,
                212,
                213,
                215,
                216,
                217,
                218,
                219,
                220,
                221,
                223,
                224,
                225,
                227,
                228,
                229,
                230,
                232,
                233,
                235,
                236,
                238,
                239,
                240,
                241,
                246,
                247,
                248,
                249,
                250,
                251,
                252,
                253,
                254,
                255,
                256,
                257,
                269,
                270,
                271,
                272,
                273,
                274,
                275,
                276,
                277,
                278,
                279,
                280,
                281,
                282,
                283,
                284,
                285,
                286,
                287,
                288,
                289,
                290,
                291,
                292,
                293,
                295,
                296,
                297,
                298,
                299,
                300,
                301,
                302,
                303,
                304,
                305,
                311,
                312,
                313,
                314,
                315,
                317,
                318,
                319,
                320,
                321,
                325,
                326,
                327,
                328,
                329,
                330,
                331,
                332,
                333,
                334,
                335,
                336,
                337,
                338,
                339,
                340,
                341,
                342,
                343,
                344,
                412,
                413,
                418,
                419,
                420,
                421,
                422,
                423,
                425,
                427,
                429,
                430,
                439,
                440,
                441,
                442,
                443,
                444,
                445,
                446,
                447,
                448,
                449,
                450,
                451,
                452,
                453,
                454,
                455,
                456,
                458,
                460,
                461,
                470,
                471,
                472,
                473,
                474,
                475,
                476,
                477,
                478,
                479,
                480,
                481,
                482,
                483,
                484,
                486,
                488,
                490,
                492,
                493,
                494,
                495,
                496,
                497,
                502,
                503,
                504,
                507,
                509,
                516,
                517,
                518,
                519,
                520,
                521,
                522,
                523,
                524,
                525,
                526,
                527,
                528,
                529,
                535,
                536,
                538,
                554,
                556,
                557,
                558,
                559,
                560,
                561,
                562,
                563,
                564,
                565,
                566,
                567,
                569,
                570,
                571,
                572,
                573,
                574,
                575,
                576,
                577,
                579,
                581,
                583,
                585
            ],
            "summary": {
                "covered_lines": 265,
                "num_statements": 265,
                "percent_covered": 100.0,
                "percent_covered_display": "100.000",
                "missing_lines": 0,
                "excluded_lines": 0,
                "num_branches": 112,
                "num_partial_branches": 0,
                "covered_branches": 112,
                "missing_branches": 0
            },
            "missing_lines": [],
            "excluded_lines": [],
            "executed_branches": [
                [
                    34,
                    -24
                ],
                [
                    34,
                    35
                ],
                [
                    42,
                    43
                ],
                [
                    42,
                    47
                ],
                [
                    45,
                    42
                ],
                [
                    45,
                    46
                ],
                [
                    50,
                    51
                ],
                [
                    50,
                    55
                ],
                [
                    53,
                    50
                ],
                [
                    53,
                    54
                ],
                [
                    58,
                    59
                ],
                [
                    58,
                    62
                ],
                [
                    60,
                    58
                ],
                [
                    60,
                    61
                ],
                [
                    67,
                    68
                ],
                [
                    67,
                    69
                ],
                [
                    81,
                    82
                ],
                [
                    81,
                    86
                ],
                [
                    83,
                    81
                ],
                [
                    83,
                    84
                ],
                [
                    103,
                    104
                ],
                [
                    103,
                    108
                ],
                [
                    104,
                    103
                ],
                [
                    104,
                    105
                ],
                [
                    106,
                    104
                ],
                [
                    106,
                    107
                ],
                [
                    121,
                    122
                ],
                [
                    121,
                    131
                ],
                [
                    129,
                    121
                ],
                [
                    129,
                    130
                ],
                [
                    249,
                    -247
                ],
                [
                    249,
                    248
                ],
                [
                    249,
                    250
                ],
                [
                    250,
                    249
                ],
                [
                    250,
                    251
                ],
                [
                    250,
                    252
                ],
                [
                    251,
                    252
                ],
                [
                    251,
                    253
                ],
                [
                    256,
                    255
                ],
                [
                    256,
                    338
                ],
                [
                    270,
                    271
                ],
                [
                    270,
                    273
                ],
                [
                    270,
                    274
                ],
                [
                    281,
                    -254
                ],
                [
                    281,
                    282
                ],
                [
                    281,
                    284
                ],
                [
                    288,
                    289
                ],
                [
                    288,
                    291
                ],
                [
                    288,
                    296
                ],
                [
                    290,
                    287
                ],
                [
                    290,
                    288
                ],
                [
                    290,
                    291
                ],
                [
                    297,
                    298
                ],
                [
                    297,
                    301
                ],
                [
                    301,
                    302
                ],
                [
                    301,
                    312
                ],
                [
                    303,
                    300
                ],
                [
                    303,
                    301
                ],
                [
                    303,
                    304
                ],
                [
                    304,
                    301
                ],
                [
                    304,
                    303
                ],
                [
                    304,
                    305
                ],
                [
                    312,
                    313
                ],
                [
                    312,
                    317
                ],
                [
                    312,
                    318
                ],
                [
                    313,
                    314
                ],
                [
                    313,
                    318
                ],
                [
                    318,
                    317
                ],
                [
                    318,
                    319
                ],
                [
                    318,
                    326
                ],
                [
                    319,
                    318
                ],
                [
                    319,
                    320
                ],
                [
                    326,
                    327
                ],
                [
                    326,
                    329
                ],
                [
                    326,
                    330
                ],
                [
                    331,
                    332
                ],
                [
                    331,
                    336
                ],
                [
                    333,
                    332
                ],
                [
                    333,
                    334
                ],
                [
                    333,
                    336
                ],
                [
                    419,
                    -344
                ],
                [
                    419,
                    420
                ],
                [
                    419,
                    423
                ],
                [
                    440,
                    -427
                ],
                [
                    440,
                    441
                ],
                [
                    440,
                    445
                ],
                [
                    445,
                    443
                ],
                [
                    445,
                    446
                ],
                [
                    445,
                    452
                ],
                [
                    447,
                    -427
                ],
                [
                    447,
                    445
                ],
                [
                    447,
                    448
                ],
                [
                    453,
                    -427
                ],
                [
                    453,
                    454
                ],
                [
                    453,
                    458
                ],
                [
                    471,
                    472
                ],
                [
                    471,
                    475
                ],
                [
                    475,
                    473
                ],
                [
                    475,
                    476
                ],
                [
                    475,
                    481
                ],
                [
                    477,
                    475
                ],
                [
                    477,
                    478
                ],
                [
                    482,
                    483
                ],
                [
                    482,
                    486
                ],
                [
                    497,
                    -497
                ],
                [
                    497,
                    -497
                ],
                [
                    497,
                    -492
                ],
                [
                    497,
                    -153
                ],
                [
                    497,
                    495
                ],
                [
                    497,
                    496
                ],
                [
                    497,
                    497
                ],
                [
                    497,
                    497
                ],
                [
                    497,
                    497
                ],
                [
                    497,
                    497
                ],
                [
                    497,
                    497
                ],
                [
                    497,
                    497
                ],
                [
                    504,
                    -504
                ],
                [
                    504,
                    -502
                ],
                [
                    504,
                    504
                ],
                [
                    504,
                    504
                ],
                [
                    504,
                    504
                ],
                [
                    518,
                    519
                ],
                [
                    518,
                    520
                ],
                [
                    521,
                    522
                ],
                [
                    521,
                    523
                ],
                [
                    521,
                    526
                ],
                [
                    524,
                    525
                ],
                [
                    524,
                    526
                ],
                [
                    524,
                    528
                ],
                [
                    526,
                    528
                ],
                [
                    526,
                    529
                ],
                [
                    559,
                    560
                ],
                [
                    559,
                    571
                ],
                [
                    562,
                    563
                ],
                [
                    562,
                    564
                ],
                [
                    562,
                    571
                ],
                [
                    564,
                    560
                ],
                [
                    564,
                    565
                ],
                [
                    564,
                    566
                ],
                [
                    566,
                    562
                ],
                [
                    566,
                    567
                ],
                [
                    572,
                    573
                ],
                [
                    572,
                    574
                ],
                [
                    575,
                    576
                ],
                [
                    575,
                    579
                ],
                [
                    576,
                    -576
                ],
                [
                    576,
                    576
                ],
                [
                    576,
                    579
                ]
            ],
            "missing_branches": []
        },
        "coverage/context.py": {
            "executed_lines": [
                4,
                7,
                20,
                21,
                23,
                24,
                26,
                34,
                37,
                45,
                47,
                48,
                49,
                50,
                51,
                52,
                54,
                55,
                56,
                57,
                58,
                60,
                61,
                62,
                63,
                65
            ],
            "summary": {
                "covered_lines": 26,
                "num_statements": 35,
                "percent_covered": 71.69811320754717,
                "percent_covered_display": "71.698",
                "missing_lines": 9,
                "excluded_lines": 0,
                "num_branches": 18,
                "num_partial_branches": 0,
                "covered_branches": 12,
                "missing_branches": 6
            },
            "missing_lines": [
                28,
                29,
                30,
                31,
                32,
                39,
                40,
                41,
                42
            ],
            "excluded_lines": [],
            "executed_branches": [
                [
                    20,
                    21
                ],
                [
                    20,
                    23
                ],
                [
                    23,
                    24
                ],
                [
                    23,
                    26
                ],
                [
                    50,
                    51
                ],
                [
                    50,
                    54
                ],
                [
                    54,
                    55
                ],
                [
                    54,
                    60
                ],
                [
                    56,
                    57
                ],
                [
                    56,
                    58
                ],
                [
                    61,
                    62
                ],
                [
                    61,
                    65
                ]
            ],
            "missing_branches": [
                [
                    28,
                    29
                ],
                [
                    28,
                    32
                ],
                [
                    30,
                    28
                ],
                [
                    30,
                    31
                ],
                [
                    40,
                    41
                ],
                [
                    40,
                    42
                ]
            ]
        },
        "coverage/control.py": {
            "executed_lines": [
                4,
                6,
                7,
                8,
                9,
                10,
                11,
                12,
                13,
                14,
                15,
                16,
                18,
                19,
                20,
                21,
                22,
                23,
                24,
                25,
                26,
                27,
                28,
                29,
                30,
                31,
                32,
                33,
                34,
                35,
                36,
                37,
                38,
                39,
                40,
                42,
                43,
                48,
                50,
                51,
                57,
                58,
                59,
                60,
                61,
                63,
                66,
                67,
                69,
                70,
                91,
                93,
                94,
                102,
                103,
                107,
                126,
                214,
                216,
                217,
                218,
                219,
                220,
                221,
                223,
                224,
                225,
                226,
                227,
                228,
                229,
                230,
                231,
                232,
                233,
                234,
                236,
                238,
                239,
                240,
                241,
                242,
                243,
                244,
                245,
                246,
                247,
                248,
                249,
                250,
                251,
                252,
                253,
                255,
                258,
                279,
                281,
                282,
                284,
                285,
                286,
                293,
                294,
                296,
                301,
                303,
                305,
                306,
                307,
                309,
                311,
                312,
                314,
                315,
                316,
                317,
                318,
                319,
                320,
                321,
                323,
                324,
                325,
                326,
                327,
                328,
                329,
                331,
                332,
                333,
                334,
                335,
                336,
                338,
                339,
                340,
                341,
                342,
                343,
                345,
                346,
                347,
                348,
                349,
                350,
                351,
                353,
                354,
                355,
                357,
                358,
                360,
                361,
                371,
                372,
                378,
                379,
                381,
                383,
                384,
                385,
                386,
                387,
                388,
                396,
                397,
                398,
                400,
                401,
                403,
                405,
                406,
                407,
                408,
                410,
                412,
                413,
                414,
                415,
                416,
                417,
                418,
                420,
                436,
                438,
                439,
                468,
                469,
                470,
                471,
                472,
                473,
                474,
                475,
                476,
                477,
                478,
                479,
                480,
                481,
                482,
                485,
                486,
                487,
                488,
                491,
                492,
                493,
                494,
                495,
                496,
                497,
                498,
                499,
                500,
                502,
                503,
                506,
                507,
                509,
                519,
                520,
                521,
                522,
                523,
                524,
                525,
                526,
                527,
                528,
                529,
                530,
                531,
                532,
                533,
                534,
                535,
                536,
                538,
                539,
                548,
                549,
                551,
                552,
                557,
                558,
                559,
                560,
                561,
                562,
                563,
                565,
                566,
                567,
                568,
                572,
                574,
                576,
                577,
                578,
                579,
                580,
                581,
                588,
                589,
                590,
                600,
                601,
                602,
                603,
                604,
                605,
                607,
                609,
                611,
                612,
                613,
                614,
                615,
                616,
                617,
                618,
                619,
                621,
                623,
                624,
                625,
                626,
                627,
                628,
                630,
                631,
                632,
                633,
                634,
                635,
                636,
                637,
                638,
                639,
                640,
                647,
                648,
                654,
                655,
                656,
                657,
                658,
                659,
                660,
                661,
                663,
                664,
                676,
                677,
                682,
                683,
                684,
                685,
                686,
                687,
                688,
                689,
                690,
                691,
                705,
                706,
                707,
                708,
                710,
                711,
                712,
                713,
                714,
                716,
                717,
                718,
                719,
                721,
                728,
                729,
                731,
                733,
                734,
                736,
                738,
                742,
                743,
                744,
                745,
                746,
                747,
                748,
                749,
                774,
                775,
                776,
                777,
                778,
                779,
                787,
                788,
                789,
                798,
                799,
                800,
                801,
                802,
                803,
                805,
                806,
                807,
                808,
                809,
                810,
                811,
                812,
                819,
                820,
                821,
                822,
                824,
                825,
                829,
                830,
                831,
                832,
                833,
                834,
                835,
                838,
                839,
                840,
                841,
                842,
                843,
                844,
                860,
                861,
                869,
                870,
                876,
                877,
                879,
                880,
                881,
                883,
                884,
                885,
                887,
                888,
                889,
                890,
                891,
                892,
                893,
                899,
                904,
                905,
                906,
                907,
                908,
                910,
                911,
                921,
                922,
                925,
                926,
                928,
                929,
                931,
                933,
                934,
                935,
                936,
                938,
                953,
                1003,
                1004,
                1017,
                1018,
                1020,
                1029,
                1045,
                1046,
                1048,
                1049,
                1056,
                1057,
                1059,
                1074,
                1098,
                1099,
                1113,
                1114,
                1115,
                1116,
                1117,
                1127,
                1139,
                1140,
                1149,
                1150,
                1151,
                1162,
                1174,
                1175,
                1185,
                1187,
                1196,
                1205,
                1206,
                1214,
                1215,
                1216,
                1219,
                1221,
                1222,
                1224,
                1226,
                1227,
                1228,
                1229,
                1230,
                1231,
                1232,
                1234,
                1269,
                1270,
                1272,
                1274,
                1279,
                1285,
                1308,
                1309,
                1322,
                1325,
                1338
            ],
            "summary": {
                "covered_lines": 388,
                "num_statements": 418,
                "percent_covered": 90.66666666666667,
                "percent_covered_display": "90.667",
                "missing_lines": 30,
                "excluded_lines": 10,
                "num_branches": 182,
                "num_partial_branches": 16,
                "covered_branches": 156,
                "missing_branches": 26
            },
            "missing_lines": [
                105,
                366,
                367,
                368,
                369,
                377,
                380,
                382,
                409,
                501,
                641,
                679,
                680,
                804,
                894,
                896,
                897,
                898,
                1311,
                1327,
[...]
                    201
                ],
                [
                    271,
                    270
                ],
                [
                    271,
                    287
                ]
            ],
            "missing_branches": [
                [
                    29,
                    30
                ]
            ]
        },
        "tests/test_version.py": {
            "executed_lines": [
                4,
                6,
                7,
                9,
                12,
                13,
                15,
                17,
                19,
                20,
                21,
                23,
                24,
                25,
                26,
                27,
                28,
                29,
                30,
                31,
                32,
                33,
                34,
                35,
                36,
                37,
                38,
                39,
                40
            ],
            "summary": {
                "covered_lines": 27,
                "num_statements": 27,
                "percent_covered": 100.0,
                "percent_covered_display": "100.000",
                "missing_lines": 0,
                "excluded_lines": 0,
                "num_branches": 2,
                "num_partial_branches": 0,
                "covered_branches": 2,
                "missing_branches": 0
            },
            "missing_lines": [],
            "excluded_lines": [],
            "executed_branches": [
                [
                    20,
                    -20
                ],
                [
                    20,
                    20
                ],
                [
                    20,
                    21
                ]
            ],
            "missing_branches": []
        },
        "tests/test_xml.py": {
            "executed_lines": [
                4,
                6,
                7,
                8,
                9,
                11,
                13,
                14,
                15,
                16,
                18,
                19,
                20,
                23,
                24,
                26,
                28,
                29,
                30,
                31,
                32,
                33,
                35,
                44,
                45,
                47,
                49,
                51,
                52,
                53,
                54,
                55,
                56,
                57,
                58,
                60,
                62,
                63,
                64,
                67,
                68,
                70,
                72,
                73,
                83,
                84,
                86,
                87,
                88,
                89,
                90,
                91,
                94,
                95,
                97,
                99,
                100,
                102,
                104,
                105,
                106,
                108,
                109,
                110,
                111,
                112,
                114,
                115,
                116,
                117,
                118,
                119,
                120,
                121,
                123,
                124,
                125,
                126,
                127,
                128,
                130,
                131,
                132,
                133,
                134,
                135,
                137,
                139,
                140,
                141,
                142,
                144,
                147,
                148,
                149,
                150,
                151,
                152,
                153,
                157,
                159,
                160,
                161,
                162,
                163,
                164,
                165,
                167,
                168,
                169,
                170,
                171,
                172,
                173,
                175,
                176,
                177,
                178,
                179,
                180,
                181,
                182,
                184,
                187,
                188,
                189,
                190,
                191,
                192,
                193,
                194,
                195,
                197,
                199,
                200,
                201,
                202,
                203,
                204,
                206,
                207,
                208,
                209,
                210,
                211,
                213,
                216,
                217,
                218,
                219,
                220,
                221,
                223,
                227,
                228,
                229,
                230,
                231,
                232,
                233,
                234,
                235,
                236,
                240,
                242,
                243,
                244,
                245,
                247,
                248,
                249,
                257,
                258,
                259,
                267,
                269,
                270,
                271,
                272,
                273,
                275,
                277,
                278,
                279,
                280,
                281,
                283,
                284,
                285,
                286,
                288,
                290,
                291,
                294,
                295,
                296,
                297,
                298,
                299,
                300,
                302,
                303,
                304,
                305,
                313,
                315,
                316,
                317,
                318,
                320,
                321,
                324,
                325,
                327,
                329,
                330,
                331,
                332,
                333,
                335,
                337,
                339,
                340,
                341,
                344,
                345,
                346,
                357,
                358,
                359,
                362,
                363,
                365,
                366,
                378,
                379,
                380,
                383,
                384,
                386,
                387,
                400,
                401,
                402,
                405,
                406,
                408,
                409,
                423,
                426,
                427,
                428,
                430,
                434,
                435,
                437,
                438,
                439,
                440,
                441,
                442,
                444,
                445,
                446,
                447,
                448,
                451,
                453,
                455,
                461,
                464,
                465,
                467,
                468,
                476,
                477,
                478,
                479,
                481,
                482,
                490,
                496,
                497,
                498,
                499,
                501,
                502,
                512,
                513,
                514,
                515
            ],
            "summary": {
                "covered_lines": 283,
                "num_statements": 283,
                "percent_covered": 100.0,
                "percent_covered_display": "100.000",
                "missing_lines": 0,
                "excluded_lines": 3,
                "num_branches": 46,
                "num_partial_branches": 0,
                "covered_branches": 46,
                "missing_branches": 0
            },
            "missing_lines": [],
            "excluded_lines": [
                231,
                232,
                233
            ],
            "executed_branches": [
                [
                    44,
                    45
                ],
                [
                    44,
                    47
                ],
                [
                    51,
                    52
                ],
                [
                    51,
                    54
                ],
                [
                    54,
                    -35
                ],
                [
                    54,
                    55
                ],
                [
                    56,
                    -35
                ],
                [
                    56,
                    57
                ],
                [
                    64,
                    -64
                ],
                [
                    64,
                    -60
                ],
                [
                    64,
                    64
                ],
                [
                    86,
                    87
                ],
                [
                    86,
                    88
                ],
                [
                    88,
                    89
                ],
                [
                    88,
                    90
                ],
                [
                    90,
                    -72
                ],
                [
                    90,
                    91
                ],
                [
                    139,
                    140
                ],
                [
                    139,
                    141
                ],
                [
                    151,
                    152
                ],
                [
                    151,
                    153
                ],
                [
                    234,
                    235
                ],
                [
                    234,
                    236
                ],
                [
                    270,
                    -267
                ],
                [
                    270,
                    271
                ],
                [
                    283,
                    284
                ],
                [
                    283,
                    285
                ],
                [
                    297,
                    298
                ],
                [
                    297,
                    299
                ],
                [
                    315,
                    316
                ],
                [
                    315,
                    317
                ],
                [
                    316,
                    -316
                ],
                [
                    316,
                    -313
                ],
                [
                    316,
                    316
                ],
                [
                    317,
                    318
                ],
                [
                    317,
                    320
                ],
                [
                    318,
                    -318
                ],
                [
                    318,
                    -313
                ],
                [
                    318,
                    318
                ],
                [
                    331,
                    -327
                ],
                [
                    331,
                    332
                ],
                [
                    332,
                    331
                ],
                [
                    332,
                    333
                ],
                [
                    333,
                    -333
                ],
                [
                    333,
                    331
                ],
                [
                    333,
                    333
                ],
                [
                    444,
                    445
                ],
                [
                    444,
                    446
                ],
                [
                    448,
                    -448
                ],
                [
                    448,
                    -437
                ],
                [
                    448,
                    448
                ]
            ],
            "missing_branches": []
        },
        "tests/zip1.zip/zip1/__init__.py": {
            "executed_lines": [],
            "summary": {
                "covered_lines": 0,
                "num_statements": 0,
                "percent_covered": 100.0,
                "percent_covered_display": "100.000",
                "missing_lines": 0,
                "excluded_lines": 0,
                "num_branches": 0,
                "num_partial_branches": 0,
                "covered_branches": 0,
                "missing_branches": 0
            },
            "missing_lines": [],
            "excluded_lines": [],
            "executed_branches": [],
            "missing_branches": []
        },
        "tests/zip1.zip/zip1/zip1.py": {
            "executed_lines": [
                6,
                7
            ],
            "summary": {
                "covered_lines": 2,
                "num_statements": 2,
                "percent_covered": 100.0,
                "percent_covered_display": "100.000",
                "missing_lines": 0,
                "excluded_lines": 0,
                "num_branches": 0,
                "num_partial_branches": 0,
                "covered_branches": 0,
                "missing_branches": 0
            },
            "missing_lines": [],
            "excluded_lines": [],
            "executed_branches": [],
            "missing_branches": []
        },
        "tests/zipmods.zip/encoded_cp1252.py": {
            "executed_lines": [
                2,
                3,
                4,
                5,
                6
            ],
            "summary": {
                "covered_lines": 5,
                "num_statements": 5,
                "percent_covered": 100.0,
                "percent_covered_display": "100.000",
                "missing_lines": 0,
                "excluded_lines": 0,
                "num_branches": 2,
                "num_partial_branches": 0,
                "covered_branches": 2,
                "missing_branches": 0
            },
            "missing_lines": [],
            "excluded_lines": [],
            "executed_branches": [
                [
                    4,
                    -4
                ],
                [
                    4,
                    4
                ],
                [
                    4,
                    5
                ]
            ],
            "missing_branches": []
        },
        "tests/zipmods.zip/encoded_gb2312.py": {
            "executed_lines": [
                2,
                3,
                4,
                5,
                6
            ],
            "summary": {
                "covered_lines": 5,
                "num_statements": 5,
                "percent_covered": 100.0,
                "percent_covered_display": "100.000",
                "missing_lines": 0,
                "excluded_lines": 0,
                "num_branches": 2,
                "num_partial_branches": 0,
                "covered_branches": 2,
                "missing_branches": 0
            },
            "missing_lines": [],
            "excluded_lines": [],
            "executed_branches": [
                [
                    4,
                    -4
                ],
                [
                    4,
                    4
                ],
                [
                    4,
                    5
                ]
            ],
            "missing_branches": []
        },
        "tests/zipmods.zip/encoded_hebrew.py": {
            "executed_lines": [
                2,
                3,
                4,
                5,
                6
            ],
            "summary": {
                "covered_lines": 5,
                "num_statements": 5,
                "percent_covered": 100.0,
                "percent_covered_display": "100.000",
                "missing_lines": 0,
                "excluded_lines": 0,
                "num_branches": 2,
                "num_partial_branches": 0,
                "covered_branches": 2,
                "missing_branches": 0
            },
            "missing_lines": [],
            "excluded_lines": [],
            "executed_branches": [
                [
                    4,
                    -4
                ],
                [
                    4,
                    4
                ],
                [
                    4,
                    5
                ]
            ],
            "missing_branches": []
        },
        "tests/zipmods.zip/encoded_shift_jis.py": {
            "executed_lines": [
                2,
                3,
                4,
                5,
                6
            ],
            "summary": {
                "covered_lines": 5,
                "num_statements": 5,
                "percent_covered": 100.0,
                "percent_covered_display": "100.000",
                "missing_lines": 0,
                "excluded_lines": 0,
                "num_branches": 2,
                "num_partial_branches": 0,
                "covered_branches": 2,
                "missing_branches": 0
            },
            "missing_lines": [],
            "excluded_lines": [],
            "executed_branches": [
                [
                    4,
                    -4
                ],
                [
                    4,
                    4
                ],
                [
                    4,
                    5
                ]
            ],
            "missing_branches": []
        },
        "tests/zipmods.zip/encoded_utf-8.py": {
            "executed_lines": [
                2,
                3,
                4,
                5,
                6
            ],
            "summary": {
                "covered_lines": 5,
                "num_statements": 5,
                "percent_covered": 100.0,
                "percent_covered_display": "100.000",
                "missing_lines": 0,
                "excluded_lines": 0,
                "num_branches": 2,
                "num_partial_branches": 0,
                "covered_branches": 2,
                "missing_branches": 0
            },
            "missing_lines": [],
            "excluded_lines": [],
            "executed_branches": [
                [
                    4,
                    -4
                ],
                [
                    4,
                    4
                ],
                [
                    4,
                    5
                ]
            ],
            "missing_branches": []
        }
    },
    "totals": {
        "covered_lines": 13758,
        "num_statements": 14701,
        "percent_covered": 92.51094351563736,
        "percent_covered_display": "92.511",
        "missing_lines": 943,
        "excluded_lines": 569,
        "num_branches": 4260,
        "num_partial_branches": 189,
        "covered_branches": 3783,
        "missing_branches": 477
    }
}